Arguments: 
  /usr/bin/node /usr/share/yarn/bin/yarn.js add pluralize

PATH: 
  /home/green-arrow/Music/flutter/bin:/home/green-arrow/bin:/home/green-arrow/.local/bin:/usr/local/sbin:/usr/local/bin:/usr/sbin:/usr/bin:/sbin:/bin:/usr/games:/usr/local/games:/home/green-arrow/Music/flutter/bin:/home/green-arrow/.local/bin:/snap/bin

Yarn version: 
  1.17.3

Node version: 
  11.15.0

Platform: 
  linux x64

Trace: 
  Error: EACCES: permission denied, mkdir '/home/green-arrow/generator-flare/node_modules/@babel/core/node_modules/source-map'

npm manifest: 
  {
    "name": "generator-flare",
    "version": "0.0.1",
    "description": "Open Source Scaffolding tool for creating NestJs + Angular projects in seconds! ",
    "homepage": "https://www.google.com",
    "author": {
      "name": "Schezwan Software",
      "email": "harshitb95@gmail.com",
      "url": ""
    },
    "files": [
      "generators"
    ],
    "main": "generators/index.js",
    "keywords": [
      "nestjs",
      "angular6",
      "mongodb",
      "yeoman-generator"
    ],
    "devDependencies": {
      "yeoman-test": "^1.7.0",
      "yeoman-assert": "^3.1.0",
      "eslint": "^6.6.0",
      "prettier": "^1.19.1",
      "husky": "^3.0.9",
      "lint-staged": "^9.4.3",
      "eslint-config-prettier": "^6.6.0",
      "eslint-plugin-prettier": "^3.1.1",
      "eslint-config-xo": "^0.27.2",
      "jest": "^24.8.0"
    },
    "engines": {
      "npm": ">= 4.0.0"
    },
    "dependencies": {
      "yeoman-generator": "^2.0.1",
      "chalk": "^2.1.0",
      "yosay": "^2.0.1"
    },
    "jest": {
      "testEnvironment": "node"
    },
    "lint-staged": {
      "*.js": [
        "eslint --fix",
        "git add"
      ],
      "*.json": [
        "prettier --write",
        "git add"
      ]
    },
    "husky": {
      "hooks": {
        "pre-commit": "lint-staged"
      }
    },
    "eslintConfig": {
      "extends": [
        "xo",
        "prettier"
      ],
      "env": {
        "jest": true,
        "node": true
      },
      "rules": {
        "prettier/prettier": "error"
      },
      "plugins": [
        "prettier"
      ]
    },
    "scripts": {
      "pretest": "eslint .",
      "test": "jest"
    },
    "repository": "schezwansoftware/generator-flare",
    "license": "MIT"
  }

yarn manifest: 
  No manifest

Lockfile: 
  No lockfile
